This file contains any messages produced by compilers while
running configure, to aid debugging if configure makes a mistake.

It was created by configure, which was
generated by GNU Autoconf 2.69.  Invocation command line was

  $ ./configure 

## --------- ##
## Platform. ##
## --------- ##

hostname = DESKTOP-MIKE
uname -m = x86_64
uname -r = 3.0.6(0.338/5/3)
uname -s = CYGWIN_NT-10.0
uname -v = 2019-04-06 16:18

/usr/bin/uname -p = unknown
/bin/uname -X     = unknown

/bin/arch              = x86_64
/usr/bin/arch -k       = unknown
/usr/convex/getsysinfo = unknown
/usr/bin/hostinfo      = unknown
/bin/machine           = unknown
/usr/bin/oslevel       = unknown
/bin/universe          = unknown

PATH: /usr/local/bin
PATH: /usr/bin
PATH: /cygdrive/c/Python27
PATH: /cygdrive/c/Python27/Scripts
PATH: /cygdrive/c/Program Files/NVIDIA GPU Computing Toolkit/CUDA/v10.1/bin
PATH: /cygdrive/c/Program Files/NVIDIA GPU Computing Toolkit/CUDA/v10.1/libnvvp
PATH: /cygdrive/c/Windows/system32
PATH: /cygdrive/c/Windows
PATH: /cygdrive/c/Windows/System32/Wbem
PATH: /cygdrive/c/Windows/System32/WindowsPowerShell/v1.0
PATH: /cygdrive/c/Windows/System32/OpenSSH
PATH: /cygdrive/c/Program Files/NVIDIA Corporation/NVIDIA NvDLISR
PATH: /cygdrive/c/ProgramData/chocolatey/bin
PATH: /cygdrive/c/Program Files/NVIDIA Corporation/Nsight Compute 2019.1
PATH: /cygdrive/c/Git/cmd
PATH: /cygdrive/c/Git/mingw64/bin
PATH: /cygdrive/c/Git/usr/bin
PATH: /cygdrive/c/Program Files/nodejs
PATH: /cygdrive/c/Program Files/Java/jdk1.8.0_211/bin
PATH: /cygdrive/c/Users/Mike/AppData/Local/Android/Sdk/platform-tools
PATH: /cygdrive/c/Program Files/PuTTY
PATH: /cygdrive/c/WINDOWS/system32
PATH: /cygdrive/c/WINDOWS
PATH: /cygdrive/c/WINDOWS/System32/Wbem
PATH: /cygdrive/c/WINDOWS/System32/WindowsPowerShell/v1.0
PATH: /cygdrive/c/WINDOWS/System32/OpenSSH
PATH: /cygdrive/c/Program Files (x86)/NVIDIA Corporation/PhysX/Common
PATH: /cygdrive/c/Users/Mike/AppData/Local/Microsoft/WindowsApps
PATH: /cygdrive/c/Users/Mike/AppData/Local/Programs/Microsoft VS Code/bin
PATH: /cygdrive/c/Program Files/Java/jdk-12.0.1/bin
PATH: /cygdrive/c/Users/Mike/AppData/Roaming/npm


## ----------- ##
## Core tests. ##
## ----------- ##

configure:1840: checking for a BSD-compatible install
configure:1908: result: /usr/bin/install -c
configure:1919: checking whether build environment is sane
configure:1969: result: yes
configure:2110: checking for a thread-safe mkdir -p
configure:2149: result: /usr/bin/mkdir -p
configure:2162: checking for gawk
configure:2178: found /usr/bin/gawk
configure:2189: result: gawk
configure:2200: checking whether make sets $(MAKE)
configure:2222: result: yes
configure:2342: checking for gcc
configure:2358: found /usr/bin/gcc
configure:2369: result: gcc
configure:2598: checking for C compiler version
configure:2607: gcc --version >&5
gcc (GCC) 7.4.0
Copyright (C) 2017 Free Software Foundation, Inc.
This is free software; see the source for copying conditions.  There is NO
warranty; not even for MERCHANTABILITY or FITNESS FOR A PARTICULAR PURPOSE.

configure:2618: $? = 0
configure:2607: gcc -v >&5
Using built-in specs.
COLLECT_GCC=gcc
COLLECT_LTO_WRAPPER=/usr/lib/gcc/x86_64-pc-cygwin/7.4.0/lto-wrapper.exe
Target: x86_64-pc-cygwin
Configured with: /cygdrive/i/szsz/tmpp/gcc/gcc-7.4.0-1.x86_64/src/gcc-7.4.0/configure --srcdir=/cygdrive/i/szsz/tmpp/gcc/gcc-7.4.0-1.x86_64/src/gcc-7.4.0 --prefix=/usr --exec-prefix=/usr --localstatedir=/var --sysconfdir=/etc --docdir=/usr/share/doc/gcc --htmldir=/usr/share/doc/gcc/html -C --build=x86_64-pc-cygwin --host=x86_64-pc-cygwin --target=x86_64-pc-cygwin --without-libiconv-prefix --without-libintl-prefix --libexecdir=/usr/lib --enable-shared --enable-shared-libgcc --enable-static --enable-version-specific-runtime-libs --enable-bootstrap --enable-__cxa_atexit --with-dwarf2 --with-tune=generic --enable-languages=ada,c,c++,fortran,lto,objc,obj-c++ --enable-graphite --enable-threads=posix --enable-libatomic --enable-libcilkrts --enable-libgomp --enable-libitm --enable-libquadmath --enable-libquadmath-support --disable-libssp --enable-libada --disable-symvers --with-gnu-ld --with-gnu-as --with-cloog-include=/usr/include/cloog-isl --without-libiconv-prefix --without-libintl-prefix --with-system-zlib --enable-linker-build-id --with-default-libstdcxx-abi=gcc4-compatible --enable-libstdcxx-filesystem-ts
Thread model: posix
gcc version 7.4.0 (GCC) 
configure:2618: $? = 0
configure:2607: gcc -V >&5
gcc: error: unrecognized command line option '-V'
gcc: fatal error: no input files
compilation terminated.
configure:2618: $? = 1
configure:2607: gcc -qversion >&5
gcc: error: unrecognized command line option '-qversion'; did you mean '--version'?
gcc: fatal error: no input files
compilation terminated.
configure:2618: $? = 1
configure:2638: checking whether the C compiler works
configure:2660: gcc    conftest.c  >&5
configure:2664: $? = 0
configure:2712: result: yes
configure:2715: checking for C compiler default output file name
configure:2717: result: a.exe
configure:2723: checking for suffix of executables
configure:2730: gcc -o conftest.exe    conftest.c  >&5
configure:2734: $? = 0
configure:2756: result: .exe
configure:2778: checking whether we are cross compiling
configure:2786: gcc -o conftest.exe    conftest.c  >&5
configure:2790: $? = 0
configure:2797: ./conftest.exe
configure:2801: $? = 0
configure:2816: result: no
configure:2821: checking for suffix of object files
configure:2843: gcc -c   conftest.c >&5
configure:2847: $? = 0
configure:2868: result: o
configure:2872: checking whether we are using the GNU C compiler
configure:2891: gcc -c   conftest.c >&5
configure:2891: $? = 0
configure:2900: result: yes
configure:2909: checking whether gcc accepts -g
configure:2929: gcc -c -g  conftest.c >&5
configure:2929: $? = 0
configure:2970: result: yes
configure:2987: checking for gcc option to accept ISO C89
configure:3050: gcc  -c -g -O2  conftest.c >&5
configure:3050: $? = 0
configure:3063: result: none needed
configure:3094: checking for style of include used by make
configure:3122: result: GNU
configure:3148: checking dependency style of gcc
configure:3259: result: gcc3
configure:3443: creating ./config.status

## ---------------------- ##
## Running config.status. ##
## ---------------------- ##

This file was extended by config.status, which was
generated by GNU Autoconf 2.69.  Invocation command line was

  CONFIG_FILES    = 
  CONFIG_HEADERS  = 
  CONFIG_LINKS    = 
  CONFIG_COMMANDS = 
  $ ./config.status 

on DESKTOP-MIKE

config.status:773: creating Makefile
config.status:773: creating src/Makefile
config.status:945: executing depfiles commands
configure:4630: checking for pkg-config
configure:4648: found /usr/bin/pkg-config
configure:4660: result: /usr/bin/pkg-config
configure:4685: checking pkg-config is at least version 0.9.0
configure:4688: result: yes
configure:4698: checking for DEPS
configure:4705: $PKG_CONFIG --exists --print-errors "libssl"
configure:4708: $? = 0
configure:4722: $PKG_CONFIG --exists --print-errors "libssl"
configure:4725: $? = 0
configure:4783: result: yes

## ---------------- ##
## Cache variables. ##
## ---------------- ##

ac_cv_c_compiler_gnu=yes
ac_cv_env_CC_set=
ac_cv_env_CC_value=
ac_cv_env_CFLAGS_set=
ac_cv_env_CFLAGS_value=
ac_cv_env_CPPFLAGS_set=
ac_cv_env_CPPFLAGS_value=
ac_cv_env_DEPS_CFLAGS_set=
ac_cv_env_DEPS_CFLAGS_value=
ac_cv_env_DEPS_LIBS_set=
ac_cv_env_DEPS_LIBS_value=
ac_cv_env_LDFLAGS_set=
ac_cv_env_LDFLAGS_value=
ac_cv_env_LIBS_set=
ac_cv_env_LIBS_value=
ac_cv_env_PKG_CONFIG_LIBDIR_set=
ac_cv_env_PKG_CONFIG_LIBDIR_value=
ac_cv_env_PKG_CONFIG_PATH_set=
ac_cv_env_PKG_CONFIG_PATH_value=
ac_cv_env_PKG_CONFIG_set=
ac_cv_env_PKG_CONFIG_value=
ac_cv_env_build_alias_set=
ac_cv_env_build_alias_value=
ac_cv_env_host_alias_set=
ac_cv_env_host_alias_value=
ac_cv_env_target_alias_set=
ac_cv_env_target_alias_value=
ac_cv_exeext=.exe
ac_cv_objext=o
ac_cv_path_ac_pt_PKG_CONFIG=/usr/bin/pkg-config
ac_cv_path_install='/usr/bin/install -c'
ac_cv_path_mkdir=/usr/bin/mkdir
ac_cv_prog_AWK=gawk
ac_cv_prog_ac_ct_CC=gcc
ac_cv_prog_cc_c89=
ac_cv_prog_cc_g=yes
ac_cv_prog_make_make_set=yes
am_cv_CC_dependencies_compiler_type=gcc3
pkg_cv_DEPS_CFLAGS=
pkg_cv_DEPS_LIBS='-lssl '

## ----------------- ##
## Output variables. ##
## ----------------- ##

ACLOCAL='${SHELL} /cygdrive/c/users/Mike/Downloads/crackpkcs12-0.2.11/missing --run aclocal-1.11'
AMDEPBACKSLASH='\'
AMDEP_FALSE='#'
AMDEP_TRUE=''
AMTAR='$${TAR-tar}'
AUTOCONF='${SHELL} /cygdrive/c/users/Mike/Downloads/crackpkcs12-0.2.11/missing --run autoconf'
AUTOHEADER='${SHELL} /cygdrive/c/users/Mike/Downloads/crackpkcs12-0.2.11/missing --run autoheader'
AUTOMAKE='${SHELL} /cygdrive/c/users/Mike/Downloads/crackpkcs12-0.2.11/missing --run automake-1.11'
AWK='gawk'
CC='gcc'
CCDEPMODE='depmode=gcc3'
CFLAGS='-g -O2'
CPPFLAGS=''
CYGPATH_W='cygpath -w'
DEFS='-DPACKAGE_NAME=\"\" -DPACKAGE_TARNAME=\"\" -DPACKAGE_VERSION=\"\" -DPACKAGE_STRING=\"\" -DPACKAGE_BUGREPORT=\"\" -DPACKAGE_URL=\"\"'
DEPDIR='.deps'
DEPS_CFLAGS=''
DEPS_LIBS='-lssl '
ECHO_C=''
ECHO_N='-n'
ECHO_T=''
EXEEXT='.exe'
INSTALL_DATA='${INSTALL} -m 644'
INSTALL_PROGRAM='${INSTALL}'
INSTALL_SCRIPT='${INSTALL}'
INSTALL_STRIP_PROGRAM='$(install_sh) -c -s'
LDFLAGS=''
LIBOBJS=''
LIBS=''
LTLIBOBJS=''
MAKEINFO='${SHELL} /cygdrive/c/users/Mike/Downloads/crackpkcs12-0.2.11/missing --run makeinfo'
MKDIR_P='/usr/bin/mkdir -p'
OBJEXT='o'
PACKAGE='crackpkcs12'
PACKAGE_BUGREPORT=''
PACKAGE_NAME=''
PACKAGE_STRING=''
PACKAGE_TARNAME=''
PACKAGE_URL=''
PACKAGE_VERSION=''
PATH_SEPARATOR=':'
PKG_CONFIG='/usr/bin/pkg-config'
PKG_CONFIG_LIBDIR=''
PKG_CONFIG_PATH=''
SET_MAKE=''
SHELL='/bin/sh'
STRIP=''
VERSION='0.2.11'
ac_ct_CC='gcc'
am__EXEEXT_FALSE='#'
am__EXEEXT_TRUE=''
am__fastdepCC_FALSE='#'
am__fastdepCC_TRUE=''
am__include='include'
am__isrc=''
am__leading_dot='.'
am__nodep='_no'
am__quote=''
am__tar='$${TAR-tar} chof - "$$tardir"'
am__untar='$${TAR-tar} xf -'
bindir='${exec_prefix}/bin'
build_alias=''
datadir='${datarootdir}'
datarootdir='${prefix}/share'
docdir='${datarootdir}/doc/${PACKAGE}'
dvidir='${docdir}'
exec_prefix='${prefix}'
host_alias=''
htmldir='${docdir}'
includedir='${prefix}/include'
infodir='${datarootdir}/info'
install_sh='${SHELL} /cygdrive/c/users/Mike/Downloads/crackpkcs12-0.2.11/install-sh'
libdir='${exec_prefix}/lib'
libexecdir='${exec_prefix}/libexec'
localedir='${datarootdir}/locale'
localstatedir='${prefix}/var'
mandir='${datarootdir}/man'
mkdir_p='/usr/bin/mkdir -p'
oldincludedir='/usr/include'
pdfdir='${docdir}'
prefix='/usr/local'
program_transform_name='s,x,x,'
psdir='${docdir}'
sbindir='${exec_prefix}/sbin'
sharedstatedir='${prefix}/com'
sysconfdir='${prefix}/etc'
target_alias=''

## ----------- ##
## confdefs.h. ##
## ----------- ##

/* confdefs.h */
#define PACKAGE_NAME ""
#define PACKAGE_TARNAME ""
#define PACKAGE_VERSION ""
#define PACKAGE_STRING ""
#define PACKAGE_BUGREPORT ""
#define PACKAGE_URL ""

configure: exit 0
