This file contains any messages produced by compilers while
running configure, to aid debugging if configure makes a mistake.

It was created by glib configure 2.38.2, which was
generated by GNU Autoconf 2.69.  Invocation command line was

  $ ./configure --disable-option-checking --prefix=/usr/local --with-internal-glib --cache-file=/dev/null --srcdir=.

## --------- ##
## Platform. ##
## --------- ##

hostname = DESKTOP-KIMMVPO
uname -m = x86_64
uname -r = 3.0.6(0.338/5/3)
uname -s = CYGWIN_NT-10.0
uname -v = 2019-04-06 16:18

/usr/bin/uname -p = unknown
/bin/uname -X     = unknown

/bin/arch              = x86_64
/usr/bin/arch -k       = unknown
/usr/convex/getsysinfo = unknown
/usr/bin/hostinfo      = unknown
/bin/machine           = unknown
/usr/bin/oslevel       = unknown
/bin/universe          = unknown

PATH: /usr/local/bin
PATH: /usr/bin
PATH: /cygdrive/c/Windows/system32
PATH: /cygdrive/c/Windows
PATH: /cygdrive/c/Windows/System32/Wbem
PATH: /cygdrive/c/Windows/System32/WindowsPowerShell/v1.0
PATH: /cygdrive/c/Windows/System32/OpenSSH
PATH: /cygdrive/c/Program Files/NVIDIA Corporation/NVIDIA NvDLISR
PATH: /cygdrive/c/Program Files (x86)/NVIDIA Corporation/PhysX/Common
PATH: /cygdrive/c/Program Files/Git/cmd
PATH: /cygdrive/c/Program Files/Git/mingw64/bin
PATH: /cygdrive/c/Program Files/Git/usr/bin
PATH: /cygdrive/c/Users/Mike/AppData/Local/Microsoft/WindowsApps
PATH: /cygdrive/c/Users/Mike/AppData/Local/Programs/Microsoft VS Code/bin


## ----------- ##
## Core tests. ##
## ----------- ##

configure:2866: checking for a BSD-compatible install
configure:2934: result: /usr/bin/install -c
configure:2945: checking whether build environment is sane
configure:3000: result: yes
configure:3151: checking for a thread-safe mkdir -p
configure:3190: result: /usr/bin/mkdir -p
configure:3197: checking for gawk
configure:3213: found /usr/bin/gawk
configure:3224: result: gawk
configure:3235: checking whether make sets $(MAKE)
configure:3261: result: no
configure:3286: checking whether make supports nested variables
configure:3303: result: no
configure:3383: checking whether UID '197609' is supported by ustar format
configure:3386: result: yes
configure:3393: checking whether GID '197121' is supported by ustar format
configure:3396: result: yes
configure:3404: checking how to create a ustar tar archive
configure:3415: tar --version
tar (GNU tar) 1.29
Packaged by Cygwin (1.29-1)
Copyright (C) 2015 Free Software Foundation, Inc.
License GPLv3+: GNU GPL version 3 or later <http://gnu.org/licenses/gpl.html>.
This is free software: you are free to change and redistribute it.
There is NO WARRANTY, to the extent permitted by law.

Written by John Gilmore and Jay Fenlason.
configure:3418: $? = 0
configure:3458: tardir=conftest.dir && eval tar --format=ustar -chf - "$tardir" >conftest.tar
configure:3461: $? = 0
configure:3465: tar -xf - <conftest.tar
configure:3468: $? = 0
configure:3470: cat conftest.dir/file
GrepMe
configure:3473: $? = 0
configure:3486: result: gnutar
configure:3537: checking whether to enable maintainer-specific portions of Makefiles
configure:3546: result: yes
configure:3574: checking whether make supports nested variables
configure:3591: result: no
configure:3693: checking for gcc
configure:3709: found /usr/bin/gcc
configure:3720: result: gcc
configure:3949: checking for C compiler version
configure:3958: gcc --version >&5
gcc (GCC) 7.4.0
Copyright (C) 2017 Free Software Foundation, Inc.
This is free software; see the source for copying conditions.  There is NO
warranty; not even for MERCHANTABILITY or FITNESS FOR A PARTICULAR PURPOSE.

configure:3969: $? = 0
configure:3958: gcc -v >&5
Using built-in specs.
COLLECT_GCC=gcc
COLLECT_LTO_WRAPPER=/usr/lib/gcc/x86_64-pc-cygwin/7.4.0/lto-wrapper.exe
Target: x86_64-pc-cygwin
Configured with: /cygdrive/i/szsz/tmpp/gcc/gcc-7.4.0-1.x86_64/src/gcc-7.4.0/configure --srcdir=/cygdrive/i/szsz/tmpp/gcc/gcc-7.4.0-1.x86_64/src/gcc-7.4.0 --prefix=/usr --exec-prefix=/usr --localstatedir=/var --sysconfdir=/etc --docdir=/usr/share/doc/gcc --htmldir=/usr/share/doc/gcc/html -C --build=x86_64-pc-cygwin --host=x86_64-pc-cygwin --target=x86_64-pc-cygwin --without-libiconv-prefix --without-libintl-prefix --libexecdir=/usr/lib --enable-shared --enable-shared-libgcc --enable-static --enable-version-specific-runtime-libs --enable-bootstrap --enable-__cxa_atexit --with-dwarf2 --with-tune=generic --enable-languages=ada,c,c++,fortran,lto,objc,obj-c++ --enable-graphite --enable-threads=posix --enable-libatomic --enable-libcilkrts --enable-libgomp --enable-libitm --enable-libquadmath --enable-libquadmath-support --disable-libssp --enable-libada --disable-symvers --with-gnu-ld --with-gnu-as --with-cloog-include=/usr/include/cloog-isl --without-libiconv-prefix --without-libintl-prefix --with-system-zlib --enable-linker-build-id --with-default-libstdcxx-abi=gcc4-compatible --enable-libstdcxx-filesystem-ts
Thread model: posix
gcc version 7.4.0 (GCC) 
configure:3969: $? = 0
configure:3958: gcc -V >&5
gcc: error: unrecognized command line option '-V'
gcc: fatal error: no input files
compilation terminated.
configure:3969: $? = 1
configure:3958: gcc -qversion >&5
gcc: error: unrecognized command line option '-qversion'; did you mean '--version'?
gcc: fatal error: no input files
compilation terminated.
configure:3969: $? = 1
configure:3989: checking whether the C compiler works
configure:4011: gcc    conftest.c  >&5
configure:4015: $? = 0
configure:4063: result: yes
configure:4066: checking for C compiler default output file name
configure:4068: result: a.exe
configure:4074: checking for suffix of executables
configure:4081: gcc -o conftest.exe    conftest.c  >&5
configure:4085: $? = 0
configure:4107: result: .exe
configure:4129: checking whether we are cross compiling
configure:4137: gcc -o conftest.exe    conftest.c  >&5
configure:4141: $? = 0
configure:4148: ./conftest.exe
configure:4152: $? = 0
configure:4167: result: no
configure:4172: checking for suffix of object files
configure:4194: gcc -c   conftest.c >&5
configure:4198: $? = 0
configure:4219: result: o
configure:4223: checking whether we are using the GNU C compiler
configure:4242: gcc -c   conftest.c >&5
configure:4242: $? = 0
configure:4251: result: yes
configure:4260: checking whether gcc accepts -g
configure:4280: gcc -c -g  conftest.c >&5
configure:4280: $? = 0
configure:4321: result: yes
configure:4338: checking for gcc option to accept ISO C89
configure:4401: gcc  -c -g -O2  conftest.c >&5
configure:4401: $? = 0
configure:4414: result: none needed
configure:4439: checking whether gcc understands -c and -o together
configure:4461: gcc -c conftest.c -o conftest2.o
configure:4464: $? = 0
configure:4461: gcc -c conftest.c -o conftest2.o
configure:4464: $? = 0
configure:4476: result: yes
configure:4504: checking for style of include used by make
configure:4532: result: none
configure:4558: checking dependency style of gcc
configure:4669: result: none
configure:4689: checking how to run the C preprocessor
configure:4720: gcc -E  conftest.c
configure:4720: $? = 0
configure:4734: gcc -E  conftest.c
conftest.c:14:10: fatal error: ac_nonexistent.h: No such file or directory
 #include <ac_nonexistent.h>
          ^~~~~~~~~~~~~~~~~~
compilation terminated.
configure:4734: $? = 1
configure: failed program was:
| /* confdefs.h */
| #define PACKAGE_NAME "glib"
| #define PACKAGE_TARNAME "glib"
| #define PACKAGE_VERSION "2.38.2"
| #define PACKAGE_STRING "glib 2.38.2"
| #define PACKAGE_BUGREPORT "http://bugzilla.gnome.org/enter_bug.cgi?product=glib"
| #define PACKAGE_URL ""
| #define GLIB_MAJOR_VERSION 2
| #define GLIB_MINOR_VERSION 38
| #define GLIB_MICRO_VERSION 2
| #define GLIB_INTERFACE_AGE 2
| #define GLIB_BINARY_AGE 3802
| /* end confdefs.h.  */
| #include <ac_nonexistent.h>
configure:4759: result: gcc -E
configure:4779: gcc -E  conftest.c
configure:4779: $? = 0
configure:4793: gcc -E  conftest.c
conftest.c:14:10: fatal error: ac_nonexistent.h: No such file or directory
 #include <ac_nonexistent.h>
          ^~~~~~~~~~~~~~~~~~
compilation terminated.
configure:4793: $? = 1
configure: failed program was:
| /* confdefs.h */
| #define PACKAGE_NAME "glib"
| #define PACKAGE_TARNAME "glib"
| #define PACKAGE_VERSION "2.38.2"
| #define PACKAGE_STRING "glib 2.38.2"
| #define PACKAGE_BUGREPORT "http://bugzilla.gnome.org/enter_bug.cgi?product=glib"
| #define PACKAGE_URL ""
| #define GLIB_MAJOR_VERSION 2
| #define GLIB_MINOR_VERSION 38
| #define GLIB_MICRO_VERSION 2
| #define GLIB_INTERFACE_AGE 2
| #define GLIB_BINARY_AGE 3802
| /* end confdefs.h.  */
| #include <ac_nonexistent.h>
configure:4823: checking for grep that handles long lines and -e
configure:4881: result: /usr/bin/grep
configure:4886: checking for egrep
configure:4948: result: /usr/bin/grep -E
configure:4953: checking for ANSI C header files
configure:4973: gcc -c -g -O2  conftest.c >&5
configure:4973: $? = 0
configure:5046: gcc -o conftest.exe -g -O2   conftest.c  >&5
configure:5046: $? = 0
configure:5046: ./conftest.exe
configure:5046: $? = 0
configure:5057: result: yes
configure:5070: checking for sys/types.h
configure:5070: gcc -c -g -O2  conftest.c >&5
configure:5070: $? = 0
configure:5070: result: yes
configure:5070: checking for sys/stat.h
configure:5070: gcc -c -g -O2  conftest.c >&5
configure:5070: $? = 0
configure:5070: result: yes
configure:5070: checking for stdlib.h
configure:5070: gcc -c -g -O2  conftest.c >&5
configure:5070: $? = 0
configure:5070: result: yes
configure:5070: checking for string.h
configure:5070: gcc -c -g -O2  conftest.c >&5
configure:5070: $? = 0
configure:5070: result: yes
configure:5070: checking for memory.h
configure:5070: gcc -c -g -O2  conftest.c >&5
configure:5070: $? = 0
configure:5070: result: yes
configure:5070: checking for strings.h
configure:5070: gcc -c -g -O2  conftest.c >&5
configure:5070: $? = 0
configure:5070: result: yes
configure:5070: checking for inttypes.h
configure:5070: gcc -c -g -O2  conftest.c >&5
configure:5070: $? = 0
configure:5070: result: yes
configure:5070: checking for stdint.h
configure:5070: gcc -c -g -O2  conftest.c >&5
configure:5070: $? = 0
configure:5070: result: yes
configure:5070: checking for unistd.h
configure:5070: gcc -c -g -O2  conftest.c >&5
configure:5070: $? = 0
configure:5070: result: yes
configure:5083: checking minix/config.h usability
configure:5083: gcc -c -g -O2  conftest.c >&5
conftest.c:57:10: fatal error: minix/config.h: No such file or directory
 #include <minix/config.h>
          ^~~~~~~~~~~~~~~~
compilation terminated.
configure:5083: $? = 1
configure: failed program was:
| /* confdefs.h */
| #define PACKAGE_NAME "glib"
| #define PACKAGE_TARNAME "glib"
| #define PACKAGE_VERSION "2.38.2"
| #define PACKAGE_STRING "glib 2.38.2"
| #define PACKAGE_BUGREPORT "http://bugzilla.gnome.org/enter_bug.cgi?product=glib"
| #define PACKAGE_URL ""
| #define GLIB_MAJOR_VERSION 2
| #define GLIB_MINOR_VERSION 38
| #define GLIB_MICRO_VERSION 2
| #define GLIB_INTERFACE_AGE 2
| #define GLIB_BINARY_AGE 3802
| #define STDC_HEADERS 1
| #define HAVE_SYS_TYPES_H 1
| #define HAVE_SYS_STAT_H 1
| #define HAVE_STDLIB_H 1
| #define HAVE_STRING_H 1
| #define HAVE_MEMORY_H 1
| #define HAVE_STRINGS_H 1
| #define HAVE_INTTYPES_H 1
| #define HAVE_STDINT_H 1
| #define HAVE_UNISTD_H 1
| /* end confdefs.h.  */
| #include <stdio.h>
| #ifdef HAVE_SYS_TYPES_H
| # include <sys/types.h>
| #endif
| #ifdef HAVE_SYS_STAT_H
| # include <sys/stat.h>
| #endif
| #ifdef STDC_HEADERS
| # include <stdlib.h>
| # include <stddef.h>
| #else
| # ifdef HAVE_STDLIB_H
| #  include <stdlib.h>
| # endif
| #endif
| #ifdef HAVE_STRING_H
| # if !defined STDC_HEADERS && defined HAVE_MEMORY_H
| #  include <memory.h>
| # endif
| # include <string.h>
| #endif
| #ifdef HAVE_STRINGS_H
| # include <strings.h>
| #endif
| #ifdef HAVE_INTTYPES_H
| # include <inttypes.h>
| #endif
| #ifdef HAVE_STDINT_H
| # include <stdint.h>
| #endif
| #ifdef HAVE_UNISTD_H
| # include <unistd.h>
| #endif
| #include <minix/config.h>
configure:5083: result: no
configure:5083: checking minix/config.h presence
configure:5083: gcc -E  conftest.c
conftest.c:24:10: fatal error: minix/config.h: No such file or directory
 #include <minix/config.h>
          ^~~~~~~~~~~~~~~~
compilation terminated.
configure:5083: $? = 1
configure: failed program was:
| /* confdefs.h */
| #define PACKAGE_NAME "glib"
| #define PACKAGE_TARNAME "glib"
| #define PACKAGE_VERSION "2.38.2"
| #define PACKAGE_STRING "glib 2.38.2"
| #define PACKAGE_BUGREPORT "http://bugzilla.gnome.org/enter_bug.cgi?product=glib"
| #define PACKAGE_URL ""
| #define GLIB_MAJOR_VERSION 2
| #define GLIB_MINOR_VERSION 38
| #define GLIB_MICRO_VERSION 2
| #define GLIB_INTERFACE_AGE 2
| #define GLIB_BINARY_AGE 3802
| #define STDC_HEADERS 1
| #define HAVE_SYS_TYPES_H 1
| #define HAVE_SYS_STAT_H 1
| #define HAVE_STDLIB_H 1
| #define HAVE_STRING_H 1
| #define HAVE_MEMORY_H 1
| #define HAVE_STRINGS_H 1
| #define HAVE_INTTYPES_H 1
| #define HAVE_STDINT_H 1
| #define HAVE_UNISTD_H 1
| /* end confdefs.h.  */
| #include <minix/config.h>
configure:5083: result: no
configure:5083: checking for minix/config.h
configure:5083: result: no
configure:5104: checking whether it is safe to define __EXTENSIONS__
configure:5122: gcc -c -g -O2  conftest.c >&5
configure:5122: $? = 0
configure:5129: result: yes
configure:5157: checking build system type
configure:5171: result: x86_64-unknown-cygwin
configure:5191: checking host system type
configure:5204: result: x86_64-unknown-cygwin
configure:5225: checking for the BeOS
configure:5235: result: no
configure:5239: checking for Win32
configure:5277: result: no
configure:5280: checking for the Android
configure:5290: result: no
configure:5296: checking for Mac OS X Carbon support
configure:5305: gcc -E  conftest.c
conftest.c:30:10: fatal error: Carbon/Carbon.h: No such file or directory
 #include <Carbon/Carbon.h>
          ^~~~~~~~~~~~~~~~~
compilation terminated.
configure:5305: $? = 1
configure: failed program was:
| /* confdefs.h */
| #define PACKAGE_NAME "glib"
| #define PACKAGE_TARNAME "glib"
| #define PACKAGE_VERSION "2.38.2"
| #define PACKAGE_STRING "glib 2.38.2"
| #define PACKAGE_BUGREPORT "http://bugzilla.gnome.org/enter_bug.cgi?product=glib"
| #define PACKAGE_URL ""
| #define GLIB_MAJOR_VERSION 2
| #define GLIB_MINOR_VERSION 38
| #define GLIB_MICRO_VERSION 2
| #define GLIB_INTERFACE_AGE 2
| #define GLIB_BINARY_AGE 3802
| #define STDC_HEADERS 1
| #define HAVE_SYS_TYPES_H 1
| #define HAVE_SYS_STAT_H 1
| #define HAVE_STDLIB_H 1
| #define HAVE_STRING_H 1
| #define HAVE_MEMORY_H 1
| #define HAVE_STRINGS_H 1
| #define HAVE_INTTYPES_H 1
| #define HAVE_STDINT_H 1
| #define HAVE_UNISTD_H 1
| #define __EXTENSIONS__ 1
| #define _ALL_SOURCE 1
| #define _GNU_SOURCE 1
| #define _POSIX_PTHREAD_SEMANTICS 1
| #define _TANDEM_SOURCE 1
| /* end confdefs.h.  */
| 
| #include <Carbon/Carbon.h>
| #include <CoreServices/CoreServices.h>
| 
configure:5310: result: no
configure:5314: checking for Mac OS X Cocoa support
configure:5325: gcc -E  conftest.c
conftest.c:30:10: fatal error: Cocoa/Cocoa.h: No such file or directory
 #include <Cocoa/Cocoa.h>
          ^~~~~~~~~~~~~~~
compilation terminated.
configure:5325: $? = 1
configure: failed program was:
| /* confdefs.h */
| #define PACKAGE_NAME "glib"
| #define PACKAGE_TARNAME "glib"
| #define PACKAGE_VERSION "2.38.2"
| #define PACKAGE_STRING "glib 2.38.2"
| #define PACKAGE_BUGREPORT "http://bugzilla.gnome.org/enter_bug.cgi?product=glib"
| #define PACKAGE_URL ""
| #define GLIB_MAJOR_VERSION 2
| #define GLIB_MINOR_VERSION 38
| #define GLIB_MICRO_VERSION 2
| #define GLIB_INTERFACE_AGE 2
| #define GLIB_BINARY_AGE 3802
| #define STDC_HEADERS 1
| #define HAVE_SYS_TYPES_H 1
| #define HAVE_SYS_STAT_H 1
| #define HAVE_STDLIB_H 1
| #define HAVE_STRING_H 1
| #define HAVE_MEMORY_H 1
| #define HAVE_STRINGS_H 1
| #define HAVE_INTTYPES_H 1
| #define HAVE_STDINT_H 1
| #define HAVE_UNISTD_H 1
| #define __EXTENSIONS__ 1
| #define _ALL_SOURCE 1
| #define _GNU_SOURCE 1
| #define _POSIX_PTHREAD_SEMANTICS 1
| #define _TANDEM_SOURCE 1
| /* end confdefs.h.  */
| 
| #include <Cocoa/Cocoa.h>
| #ifdef GNUSTEP_BASE_VERSION
| #error "Detected GNUstep, not Cocoa"
| #endif
| 
configure:5330: result: no
configure:5896: checking whether to enable garbage collector friendliness
configure:5907: result: no
configure:5911: checking whether to disable memory pools
configure:5915: result: no
configure:5998: checking for c++
configure:6028: result: no
configure:5998: checking for g++
configure:6028: result: no
configure:5998: checking for gcc
configure:6014: found /usr/bin/gcc
configure:6025: result: gcc
configure:6168: checking for C++ compiler version
configure:6177: gcc --version >&5
gcc (GCC) 7.4.0
Copyright (C) 2017 Free Software Foundation, Inc.
This is free software; see the source for copying conditions.  There is NO
warranty; not even for MERCHANTABILITY or FITNESS FOR A PARTICULAR PURPOSE.

configure:6188: $? = 0
configure:6177: gcc -v >&5
Using built-in specs.
COLLECT_GCC=gcc
COLLECT_LTO_WRAPPER=/usr/lib/gcc/x86_64-pc-cygwin/7.4.0/lto-wrapper.exe
Target: x86_64-pc-cygwin
Configured with: /cygdrive/i/szsz/tmpp/gcc/gcc-7.4.0-1.x86_64/src/gcc-7.4.0/configure --srcdir=/cygdrive/i/szsz/tmpp/gcc/gcc-7.4.0-1.x86_64/src/gcc-7.4.0 --prefix=/usr --exec-prefix=/usr --localstatedir=/var --sysconfdir=/etc --docdir=/usr/share/doc/gcc --htmldir=/usr/share/doc/gcc/html -C --build=x86_64-pc-cygwin --host=x86_64-pc-cygwin --target=x86_64-pc-cygwin --without-libiconv-prefix --without-libintl-prefix --libexecdir=/usr/lib --enable-shared --enable-shared-libgcc --enable-static --enable-version-specific-runtime-libs --enable-bootstrap --enable-__cxa_atexit --with-dwarf2 --with-tune=generic --enable-languages=ada,c,c++,fortran,lto,objc,obj-c++ --enable-graphite --enable-threads=posix --enable-libatomic --enable-libcilkrts --enable-libgomp --enable-libitm --enable-libquadmath --enable-libquadmath-support --disable-libssp --enable-libada --disable-symvers --with-gnu-ld --with-gnu-as --with-cloog-include=/usr/include/cloog-isl --without-libiconv-prefix --without-libintl-prefix --with-system-zlib --enable-linker-build-id --with-default-libstdcxx-abi=gcc4-compatible --enable-libstdcxx-filesystem-ts
Thread model: posix
gcc version 7.4.0 (GCC) 
configure:6188: $? = 0
configure:6177: gcc -V >&5
gcc: error: unrecognized command line option '-V'
gcc: fatal error: no input files
compilation terminated.
configure:6188: $? = 1
configure:6177: gcc -qversion >&5
gcc: error: unrecognized command line option '-qversion'; did you mean '--version'?
gcc: fatal error: no input files
compilation terminated.
configure:6188: $? = 1
configure:6192: checking whether we are using the GNU C++ compiler
configure:6211: gcc -c   conftest.cpp >&5
gcc: error: spawn: No such file or directory
configure:6211: $? = 1
configure: failed program was:
| /* confdefs.h */
| #define PACKAGE_NAME "glib"
| #define PACKAGE_TARNAME "glib"
| #define PACKAGE_VERSION "2.38.2"
| #define PACKAGE_STRING "glib 2.38.2"
| #define PACKAGE_BUGREPORT "http://bugzilla.gnome.org/enter_bug.cgi?product=glib"
| #define PACKAGE_URL ""
| #define GLIB_MAJOR_VERSION 2
| #define GLIB_MINOR_VERSION 38
| #define GLIB_MICRO_VERSION 2
| #define GLIB_INTERFACE_AGE 2
| #define GLIB_BINARY_AGE 3802
| #define STDC_HEADERS 1
| #define HAVE_SYS_TYPES_H 1
| #define HAVE_SYS_STAT_H 1
| #define HAVE_STDLIB_H 1
| #define HAVE_STRING_H 1
| #define HAVE_MEMORY_H 1
| #define HAVE_STRINGS_H 1
| #define HAVE_INTTYPES_H 1
| #define HAVE_STDINT_H 1
| #define HAVE_UNISTD_H 1
| #define __EXTENSIONS__ 1
| #define _ALL_SOURCE 1
| #define _GNU_SOURCE 1
| #define _POSIX_PTHREAD_SEMANTICS 1
| #define _TANDEM_SOURCE 1
| /* end confdefs.h.  */
| 
| int
| main ()
| {
| #ifndef __GNUC__
|        choke me
| #endif
| 
|   ;
|   return 0;
| }
configure:6220: result: no
configure:6229: checking whether gcc accepts -g
configure:6249: gcc -c -g  conftest.cpp >&5
gcc: error: spawn: No such file or directory
configure:6249: $? = 1
configure: failed program was:
| /* confdefs.h */
| #define PACKAGE_NAME "glib"
| #define PACKAGE_TARNAME "glib"
| #define PACKAGE_VERSION "2.38.2"
| #define PACKAGE_STRING "glib 2.38.2"
| #define PACKAGE_BUGREPORT "http://bugzilla.gnome.org/enter_bug.cgi?product=glib"
| #define PACKAGE_URL ""
| #define GLIB_MAJOR_VERSION 2
| #define GLIB_MINOR_VERSION 38
| #define GLIB_MICRO_VERSION 2
| #define GLIB_INTERFACE_AGE 2
| #define GLIB_BINARY_AGE 3802
| #define STDC_HEADERS 1
| #define HAVE_SYS_TYPES_H 1
| #define HAVE_SYS_STAT_H 1
| #define HAVE_STDLIB_H 1
| #define HAVE_STRING_H 1
| #define HAVE_MEMORY_H 1
| #define HAVE_STRINGS_H 1
| #define HAVE_INTTYPES_H 1
| #define HAVE_STDINT_H 1
| #define HAVE_UNISTD_H 1
| #define __EXTENSIONS__ 1
| #define _ALL_SOURCE 1
| #define _GNU_SOURCE 1
| #define _POSIX_PTHREAD_SEMANTICS 1
| #define _TANDEM_SOURCE 1
| /* end confdefs.h.  */
| 
| int
| main ()
| {
| 
|   ;
|   return 0;
| }
configure:6264: gcc -c   conftest.cpp >&5
gcc: error: spawn: No such file or directory
configure:6264: $? = 1
configure: failed program was:
| /* confdefs.h */
| #define PACKAGE_NAME "glib"
| #define PACKAGE_TARNAME "glib"
| #define PACKAGE_VERSION "2.38.2"
| #define PACKAGE_STRING "glib 2.38.2"
| #define PACKAGE_BUGREPORT "http://bugzilla.gnome.org/enter_bug.cgi?product=glib"
| #define PACKAGE_URL ""
| #define GLIB_MAJOR_VERSION 2
| #define GLIB_MINOR_VERSION 38
| #define GLIB_MICRO_VERSION 2
| #define GLIB_INTERFACE_AGE 2
| #define GLIB_BINARY_AGE 3802
| #define STDC_HEADERS 1
| #define HAVE_SYS_TYPES_H 1
| #define HAVE_SYS_STAT_H 1
| #define HAVE_STDLIB_H 1
| #define HAVE_STRING_H 1
| #define HAVE_MEMORY_H 1
| #define HAVE_STRINGS_H 1
| #define HAVE_INTTYPES_H 1
| #define HAVE_STDINT_H 1
| #define HAVE_UNISTD_H 1
| #define __EXTENSIONS__ 1
| #define _ALL_SOURCE 1
| #define _GNU_SOURCE 1
| #define _POSIX_PTHREAD_SEMANTICS 1
| #define _TANDEM_SOURCE 1
| /* end confdefs.h.  */
| 
| int
| main ()
| {
| 
|   ;
|   return 0;
| }
configure:6280: gcc -c -g  conftest.cpp >&5
gcc: error: spawn: No such file or directory
configure:6280: $? = 1
configure: failed program was:
| /* confdefs.h */
| #define PACKAGE_NAME "glib"
| #define PACKAGE_TARNAME "glib"
| #define PACKAGE_VERSION "2.38.2"
| #define PACKAGE_STRING "glib 2.38.2"
| #define PACKAGE_BUGREPORT "http://bugzilla.gnome.org/enter_bug.cgi?product=glib"
| #define PACKAGE_URL ""
| #define GLIB_MAJOR_VERSION 2
| #define GLIB_MINOR_VERSION 38
| #define GLIB_MICRO_VERSION 2
| #define GLIB_INTERFACE_AGE 2
| #define GLIB_BINARY_AGE 3802
| #define STDC_HEADERS 1
| #define HAVE_SYS_TYPES_H 1
| #define HAVE_SYS_STAT_H 1
| #define HAVE_STDLIB_H 1
| #define HAVE_STRING_H 1
| #define HAVE_MEMORY_H 1
| #define HAVE_STRINGS_H 1
| #define HAVE_INTTYPES_H 1
| #define HAVE_STDINT_H 1
| #define HAVE_UNISTD_H 1
| #define __EXTENSIONS__ 1
| #define _ALL_SOURCE 1
| #define _GNU_SOURCE 1
| #define _POSIX_PTHREAD_SEMANTICS 1
| #define _TANDEM_SOURCE 1
| /* end confdefs.h.  */
| 
| int
| main ()
| {
| 
|   ;
|   return 0;
| }
configure:6290: result: no
configure:6315: checking dependency style of gcc
configure:6426: result: none
configure:6453: gcc -c   conftest.cpp >&5
gcc: error: spawn: No such file or directory
configure:6453: $? = 1
configure: failed program was:
| /* confdefs.h */
| #define PACKAGE_NAME "glib"
| #define PACKAGE_TARNAME "glib"
| #define PACKAGE_VERSION "2.38.2"
| #define PACKAGE_STRING "glib 2.38.2"
| #define PACKAGE_BUGREPORT "http://bugzilla.gnome.org/enter_bug.cgi?product=glib"
| #define PACKAGE_URL ""
| #define GLIB_MAJOR_VERSION 2
| #define GLIB_MINOR_VERSION 38
| #define GLIB_MICRO_VERSION 2
| #define GLIB_INTERFACE_AGE 2
| #define GLIB_BINARY_AGE 3802
| #define STDC_HEADERS 1
| #define HAVE_SYS_TYPES_H 1
| #define HAVE_SYS_STAT_H 1
| #define HAVE_STDLIB_H 1
| #define HAVE_STRING_H 1
| #define HAVE_MEMORY_H 1
| #define HAVE_STRINGS_H 1
| #define HAVE_INTTYPES_H 1
| #define HAVE_STDINT_H 1
| #define HAVE_UNISTD_H 1
| #define __EXTENSIONS__ 1
| #define _ALL_SOURCE 1
| #define _GNU_SOURCE 1
| #define _POSIX_PTHREAD_SEMANTICS 1
| #define _TANDEM_SOURCE 1
| /* end confdefs.h.  */
| 
| int
| main ()
| {
| class a { int b; } c;
|   ;
|   return 0;
| }
configure:6484: checking for special C compiler options needed for large files
configure:6529: result: no
configure:6535: checking for _FILE_OFFSET_BITS value needed for large files
configure:6560: gcc -c -g -O2  conftest.c >&5
configure:6560: $? = 0
configure:6592: result: no
configure:6743: checking for gawk
configure:6770: result: gawk
configure:6785: checking for perl5
configure:6815: result: no
configure:6785: checking for perl
configure:6801: found /cygdrive/c/Program Files/Git/usr/bin/perl
configure:6812: result: perl
configure:6826: checking for indent
configure:6856: result: no
configure:6875: checking for perl
configure:6893: found /cygdrive/c/Program Files/Git/usr/bin/perl
configure:6905: result: /cygdrive/c/Program Files/Git/usr/bin/perl
configure:6966: checking for a Python interpreter with version >= 2.5
configure:6983: python -c import sys # split strings by '.' and convert to numeric. Append some zeros # because we need at least 4 digits for the hex conversion. # map returns an iterator in Python 3.0 and a list in 2.x minver = list(map(int, '2.5'.split('.'))) + [0, 0, 0] minverhex = 0 # xrange is not present in Python 3.0 and range returns an iterator for i in list(range(0, 4)): minverhex = (minverhex << 8) + minver[i] sys.exit(sys.hexversion < minverhex)
./configure: line 6984: python: command not found
configure:6986: $? = 127
configure:6983: python2 -c import sys # split strings by '.' and convert to numeric. Append some zeros # because we need at least 4 digits for the hex conversion. # map returns an iterator in Python 3.0 and a list in 2.x minver = list(map(int, '2.5'.split('.'))) + [0, 0, 0] minverhex = 0 # xrange is not present in Python 3.0 and range returns an iterator for i in list(range(0, 4)): minverhex = (minverhex << 8) + minver[i] sys.exit(sys.hexversion < minverhex)
./configure: line 6984: python2: command not found
configure:6986: $? = 127
configure:6983: python3 -c import sys # split strings by '.' and convert to numeric. Append some zeros # because we need at least 4 digits for the hex conversion. # map returns an iterator in Python 3.0 and a list in 2.x minver = list(map(int, '2.5'.split('.'))) + [0, 0, 0] minverhex = 0 # xrange is not present in Python 3.0 and range returns an iterator for i in list(range(0, 4)): minverhex = (minverhex << 8) + minver[i] sys.exit(sys.hexversion < minverhex)
./configure: line 6984: python3: command not found
configure:6986: $? = 127
configure:6983: python3.3 -c import sys # split strings by '.' and convert to numeric. Append some zeros # because we need at least 4 digits for the hex conversion. # map returns an iterator in Python 3.0 and a list in 2.x minver = list(map(int, '2.5'.split('.'))) + [0, 0, 0] minverhex = 0 # xrange is not present in Python 3.0 and range returns an iterator for i in list(range(0, 4)): minverhex = (minverhex << 8) + minver[i] sys.exit(sys.hexversion < minverhex)
./configure: line 6984: python3.3: command not found
configure:6986: $? = 127
configure:6983: python3.2 -c import sys # split strings by '.' and convert to numeric. Append some zeros # because we need at least 4 digits for the hex conversion. # map returns an iterator in Python 3.0 and a list in 2.x minver = list(map(int, '2.5'.split('.'))) + [0, 0, 0] minverhex = 0 # xrange is not present in Python 3.0 and range returns an iterator for i in list(range(0, 4)): minverhex = (minverhex << 8) + minver[i] sys.exit(sys.hexversion < minverhex)
./configure: line 6984: python3.2: command not found
configure:6986: $? = 127
configure:6983: python3.1 -c import sys # split strings by '.' and convert to numeric. Append some zeros # because we need at least 4 digits for the hex conversion. # map returns an iterator in Python 3.0 and a list in 2.x minver = list(map(int, '2.5'.split('.'))) + [0, 0, 0] minverhex = 0 # xrange is not present in Python 3.0 and range returns an iterator for i in list(range(0, 4)): minverhex = (minverhex << 8) + minver[i] sys.exit(sys.hexversion < minverhex)
./configure: line 6984: python3.1: command not found
configure:6986: $? = 127
configure:6983: python3.0 -c import sys # split strings by '.' and convert to numeric. Append some zeros # because we need at least 4 digits for the hex conversion. # map returns an iterator in Python 3.0 and a list in 2.x minver = list(map(int, '2.5'.split('.'))) + [0, 0, 0] minverhex = 0 # xrange is not present in Python 3.0 and range returns an iterator for i in list(range(0, 4)): minverhex = (minverhex << 8) + minver[i] sys.exit(sys.hexversion < minverhex)
./configure: line 6984: python3.0: command not found
configure:6986: $? = 127
configure:6983: python2.7 -c import sys # split strings by '.' and convert to numeric. Append some zeros # because we need at least 4 digits for the hex conversion. # map returns an iterator in Python 3.0 and a list in 2.x minver = list(map(int, '2.5'.split('.'))) + [0, 0, 0] minverhex = 0 # xrange is not present in Python 3.0 and range returns an iterator for i in list(range(0, 4)): minverhex = (minverhex << 8) + minver[i] sys.exit(sys.hexversion < minverhex)
./configure: line 6984: python2.7: command not found
configure:6986: $? = 127
configure:6983: python2.6 -c import sys # split strings by '.' and convert to numeric. Append some zeros # because we need at least 4 digits for the hex conversion. # map returns an iterator in Python 3.0 and a list in 2.x minver = list(map(int, '2.5'.split('.'))) + [0, 0, 0] minverhex = 0 # xrange is not present in Python 3.0 and range returns an iterator for i in list(range(0, 4)): minverhex = (minverhex << 8) + minver[i] sys.exit(sys.hexversion < minverhex)
./configure: line 6984: python2.6: command not found
configure:6986: $? = 127
configure:6983: python2.5 -c import sys # split strings by '.' and convert to numeric. Append some zeros # because we need at least 4 digits for the hex conversion. # map returns an iterator in Python 3.0 and a list in 2.x minver = list(map(int, '2.5'.split('.'))) + [0, 0, 0] minverhex = 0 # xrange is not present in Python 3.0 and range returns an iterator for i in list(range(0, 4)): minverhex = (minverhex << 8) + minver[i] sys.exit(sys.hexversion < minverhex)
./configure: line 6984: python2.5: command not found
configure:6986: $? = 127
configure:6983: python2.4 -c import sys # split strings by '.' and convert to numeric. Append some zeros # because we need at least 4 digits for the hex conversion. # map returns an iterator in Python 3.0 and a list in 2.x minver = list(map(int, '2.5'.split('.'))) + [0, 0, 0] minverhex = 0 # xrange is not present in Python 3.0 and range returns an iterator for i in list(range(0, 4)): minverhex = (minverhex << 8) + minver[i] sys.exit(sys.hexversion < minverhex)
./configure: line 6984: python2.4: command not found
configure:6986: $? = 127
configure:6983: python2.3 -c import sys # split strings by '.' and convert to numeric. Append some zeros # because we need at least 4 digits for the hex conversion. # map returns an iterator in Python 3.0 and a list in 2.x minver = list(map(int, '2.5'.split('.'))) + [0, 0, 0] minverhex = 0 # xrange is not present in Python 3.0 and range returns an iterator for i in list(range(0, 4)): minverhex = (minverhex << 8) + minver[i] sys.exit(sys.hexversion < minverhex)
./configure: line 6984: python2.3: command not found
configure:6986: $? = 127
configure:6983: python2.2 -c import sys # split strings by '.' and convert to numeric. Append some zeros # because we need at least 4 digits for the hex conversion. # map returns an iterator in Python 3.0 and a list in 2.x minver = list(map(int, '2.5'.split('.'))) + [0, 0, 0] minverhex = 0 # xrange is not present in Python 3.0 and range returns an iterator for i in list(range(0, 4)): minverhex = (minverhex << 8) + minver[i] sys.exit(sys.hexversion < minverhex)
./configure: line 6984: python2.2: command not found
configure:6986: $? = 127
configure:6983: python2.1 -c import sys # split strings by '.' and convert to numeric. Append some zeros # because we need at least 4 digits for the hex conversion. # map returns an iterator in Python 3.0 and a list in 2.x minver = list(map(int, '2.5'.split('.'))) + [0, 0, 0] minverhex = 0 # xrange is not present in Python 3.0 and range returns an iterator for i in list(range(0, 4)): minverhex = (minverhex << 8) + minver[i] sys.exit(sys.hexversion < minverhex)
./configure: line 6984: python2.1: command not found
configure:6986: $? = 127
configure:6983: python2.0 -c import sys # split strings by '.' and convert to numeric. Append some zeros # because we need at least 4 digits for the hex conversion. # map returns an iterator in Python 3.0 and a list in 2.x minver = list(map(int, '2.5'.split('.'))) + [0, 0, 0] minverhex = 0 # xrange is not present in Python 3.0 and range returns an iterator for i in list(range(0, 4)): minverhex = (minverhex << 8) + minver[i] sys.exit(sys.hexversion < minverhex)
./configure: line 6984: python2.0: command not found
configure:6986: $? = 127
configure:6992: result: none
configure:7215: checking for iconv_open
configure:7215: gcc -o conftest.exe -g -O2   conftest.c  >&5
/tmp/cc7jvKTs.o: In function `main':
/cygdrive/c/Users/Mike/Downloads/crackpkcs12-0.2.11/pkg-config-0.29/glib/conftest.c:63: undefined reference to `iconv_open'
/cygdrive/c/Users/Mike/Downloads/crackpkcs12-0.2.11/pkg-config-0.29/glib/conftest.c:63:(.text.startup+0xa): relocation truncated to fit: R_X86_64_PC32 against undefined symbol `iconv_open'
collect2: error: ld returned 1 exit status
configure:7215: $? = 1
configure: failed program was:
| /* confdefs.h */
| #define PACKAGE_NAME "glib"
| #define PACKAGE_TARNAME "glib"
| #define PACKAGE_VERSION "2.38.2"
| #define PACKAGE_STRING "glib 2.38.2"
| #define PACKAGE_BUGREPORT "http://bugzilla.gnome.org/enter_bug.cgi?product=glib"
| #define PACKAGE_URL ""
| #define GLIB_MAJOR_VERSION 2
| #define GLIB_MINOR_VERSION 38
| #define GLIB_MICRO_VERSION 2
| #define GLIB_INTERFACE_AGE 2
| #define GLIB_BINARY_AGE 3802
| #define STDC_HEADERS 1
| #define HAVE_SYS_TYPES_H 1
| #define HAVE_SYS_STAT_H 1
| #define HAVE_STDLIB_H 1
| #define HAVE_STRING_H 1
| #define HAVE_MEMORY_H 1
| #define HAVE_STRINGS_H 1
| #define HAVE_INTTYPES_H 1
| #define HAVE_STDINT_H 1
| #define HAVE_UNISTD_H 1
| #define __EXTENSIONS__ 1
| #define _ALL_SOURCE 1
| #define _GNU_SOURCE 1
| #define _POSIX_PTHREAD_SEMANTICS 1
| #define _TANDEM_SOURCE 1
| /* end confdefs.h.  */
| /* Define iconv_open to an innocuous variant, in case <limits.h> declares iconv_open.
|    For example, HP-UX 11i <limits.h> declares gettimeofday.  */
| #define iconv_open innocuous_iconv_open
| 
| /* System header to define __stub macros and hopefully few prototypes,
|     which can conflict with char iconv_open (); below.
|     Prefer <limits.h> to <assert.h> if __STDC__ is defined, since
|     <limits.h> exists even on freestanding compilers.  */
| 
| #ifdef __STDC__
| # include <limits.h>
| #else
| # include <assert.h>
| #endif
| 
| #undef iconv_open
| 
| /* Override any GCC internal prototype to avoid an error.
|    Use char because int might match the return type of a GCC
|    builtin and then its argument prototype would still apply.  */
| #ifdef __cplusplus
| extern "C"
| #endif
| char iconv_open ();
| /* The GNU C library defines this for functions which it implements
|     to always fail with ENOSYS.  Some functions are actually named
|     something starting with __ and the normal name is an alias.  */
| #if defined __stub_iconv_open || defined __stub___iconv_open
| choke me
| #endif
| 
| int
| main ()
| {
| return iconv_open ();
|   ;
|   return 0;
| }
configure:7215: result: no
configure:7222: checking for libiconv_open in -liconv
configure:7247: gcc -o conftest.exe -g -O2   conftest.c -liconv   >&5
/usr/lib/gcc/x86_64-pc-cygwin/7.4.0/../../../../x86_64-pc-cygwin/bin/ld: cannot find -liconv
collect2: error: ld returned 1 exit status
configure:7247: $? = 1
configure: failed program was:
| /* confdefs.h */
| #define PACKAGE_NAME "glib"
| #define PACKAGE_TARNAME "glib"
| #define PACKAGE_VERSION "2.38.2"
| #define PACKAGE_STRING "glib 2.38.2"
| #define PACKAGE_BUGREPORT "http://bugzilla.gnome.org/enter_bug.cgi?product=glib"
| #define PACKAGE_URL ""
| #define GLIB_MAJOR_VERSION 2
| #define GLIB_MINOR_VERSION 38
| #define GLIB_MICRO_VERSION 2
| #define GLIB_INTERFACE_AGE 2
| #define GLIB_BINARY_AGE 3802
| #define STDC_HEADERS 1
| #define HAVE_SYS_TYPES_H 1
| #define HAVE_SYS_STAT_H 1
| #define HAVE_STDLIB_H 1
| #define HAVE_STRING_H 1
| #define HAVE_MEMORY_H 1
| #define HAVE_STRINGS_H 1
| #define HAVE_INTTYPES_H 1
| #define HAVE_STDINT_H 1
| #define HAVE_UNISTD_H 1
| #define __EXTENSIONS__ 1
| #define _ALL_SOURCE 1
| #define _GNU_SOURCE 1
| #define _POSIX_PTHREAD_SEMANTICS 1
| #define _TANDEM_SOURCE 1
| /* end confdefs.h.  */
| 
| /* Override any GCC internal prototype to avoid an error.
|    Use char because int might match the return type of a GCC
|    builtin and then its argument prototype would still apply.  */
| #ifdef __cplusplus
| extern "C"
| #endif
| char libiconv_open ();
| int
| main ()
| {
| return libiconv_open ();
|   ;
|   return 0;
| }
configure:7256: result: no
configure:7265: checking for iconv_open in -liconv
configure:7290: gcc -o conftest.exe -g -O2   conftest.c -liconv   >&5
/usr/lib/gcc/x86_64-pc-cygwin/7.4.0/../../../../x86_64-pc-cygwin/bin/ld: cannot find -liconv
collect2: error: ld returned 1 exit status
configure:7290: $? = 1
configure: failed program was:
| /* confdefs.h */
| #define PACKAGE_NAME "glib"
| #define PACKAGE_TARNAME "glib"
| #define PACKAGE_VERSION "2.38.2"
| #define PACKAGE_STRING "glib 2.38.2"
| #define PACKAGE_BUGREPORT "http://bugzilla.gnome.org/enter_bug.cgi?product=glib"
| #define PACKAGE_URL ""
| #define GLIB_MAJOR_VERSION 2
| #define GLIB_MINOR_VERSION 38
| #define GLIB_MICRO_VERSION 2
| #define GLIB_INTERFACE_AGE 2
| #define GLIB_BINARY_AGE 3802
| #define STDC_HEADERS 1
| #define HAVE_SYS_TYPES_H 1
| #define HAVE_SYS_STAT_H 1
| #define HAVE_STDLIB_H 1
| #define HAVE_STRING_H 1
| #define HAVE_MEMORY_H 1
| #define HAVE_STRINGS_H 1
| #define HAVE_INTTYPES_H 1
| #define HAVE_STDINT_H 1
| #define HAVE_UNISTD_H 1
| #define __EXTENSIONS__ 1
| #define _ALL_SOURCE 1
| #define _GNU_SOURCE 1
| #define _POSIX_PTHREAD_SEMANTICS 1
| #define _TANDEM_SOURCE 1
| /* end confdefs.h.  */
| 
| /* Override any GCC internal prototype to avoid an error.
|    Use char because int might match the return type of a GCC
|    builtin and then its argument prototype would still apply.  */
| #ifdef __cplusplus
| extern "C"
| #endif
| char iconv_open ();
| int
| main ()
| {
| return iconv_open ();
|   ;
|   return 0;
| }
configure:7299: result: no
configure:7401: error: *** No iconv() implementation found in C library or libiconv

## ---------------- ##
## Cache variables. ##
## ---------------- ##

ac_cv_build=x86_64-unknown-cygwin
ac_cv_c_compiler_gnu=yes
ac_cv_cxx_compiler_gnu=no
ac_cv_env_CCC_set=
ac_cv_env_CCC_value=
ac_cv_env_CC_set=
ac_cv_env_CC_value=
ac_cv_env_CFLAGS_set=
ac_cv_env_CFLAGS_value=
ac_cv_env_CPPFLAGS_set=
ac_cv_env_CPPFLAGS_value=
ac_cv_env_CPP_set=
ac_cv_env_CPP_value=
ac_cv_env_CXXCPP_set=
ac_cv_env_CXXCPP_value=
ac_cv_env_CXXFLAGS_set=
ac_cv_env_CXXFLAGS_value=
ac_cv_env_CXX_set=
ac_cv_env_CXX_value=
ac_cv_env_LDFLAGS_set=
ac_cv_env_LDFLAGS_value=
ac_cv_env_LIBS_set=
ac_cv_env_LIBS_value=
ac_cv_env_PYTHON_set=
ac_cv_env_PYTHON_value=
ac_cv_env_build_alias_set=
ac_cv_env_build_alias_value=
ac_cv_env_host_alias_set=
ac_cv_env_host_alias_value=
ac_cv_env_target_alias_set=
ac_cv_env_target_alias_value=
ac_cv_exeext=.exe
ac_cv_func_iconv_open=no
ac_cv_header_inttypes_h=yes
ac_cv_header_memory_h=yes
ac_cv_header_minix_config_h=no
ac_cv_header_stdc=yes
ac_cv_header_stdint_h=yes
ac_cv_header_stdlib_h=yes
ac_cv_header_string_h=yes
ac_cv_header_strings_h=yes
ac_cv_header_sys_stat_h=yes
ac_cv_header_sys_types_h=yes
ac_cv_header_unistd_h=yes
ac_cv_host=x86_64-unknown-cygwin
ac_cv_lib_iconv_iconv_open=no
ac_cv_lib_iconv_libiconv_open=no
ac_cv_objext=o
ac_cv_path_EGREP='/usr/bin/grep -E'
ac_cv_path_GREP=/usr/bin/grep
ac_cv_path_PERL_PATH='/cygdrive/c/Program Files/Git/usr/bin/perl'
ac_cv_path_install='/usr/bin/install -c'
ac_cv_path_mkdir=/usr/bin/mkdir
ac_cv_prog_AWK=gawk
ac_cv_prog_CPP='gcc -E'
ac_cv_prog_PERL=perl
ac_cv_prog_ac_ct_CC=gcc
ac_cv_prog_ac_ct_CXX=gcc
ac_cv_prog_cc_c89=
ac_cv_prog_cc_g=yes
ac_cv_prog_cxx_g=no
ac_cv_prog_make_make_set=no
ac_cv_safe_to_define___extensions__=yes
ac_cv_sys_file_offset_bits=no
ac_cv_sys_largefile_CC=no
am_cv_CC_dependencies_compiler_type=none
am_cv_CXX_dependencies_compiler_type=none
am_cv_make_support_nested_variables=no
am_cv_pathless_PYTHON=none
am_cv_prog_cc_c_o=yes
am_cv_prog_tar_ustar=gnutar

## ----------------- ##
## Output variables. ##
## ----------------- ##

ABS_GLIB_RUNTIME_LIBDIR=''
ACLOCAL='${SHELL} /cygdrive/c/Users/Mike/Downloads/crackpkcs12-0.2.11/pkg-config-0.29/glib/missing aclocal-1.15'
ALLOCA=''
AMDEPBACKSLASH='\'
AMDEP_FALSE='#'
AMDEP_TRUE=''
AMTAR='$${TAR-tar}'
AM_BACKSLASH='\'
AM_DEFAULT_V='0'
AM_DEFAULT_VERBOSITY='0'
AM_V='0'
AR=''
AS=''
AUTOCONF='${SHELL} /cygdrive/c/Users/Mike/Downloads/crackpkcs12-0.2.11/pkg-config-0.29/glib/missing autoconf'
AUTOHEADER='${SHELL} /cygdrive/c/Users/Mike/Downloads/crackpkcs12-0.2.11/pkg-config-0.29/glib/missing autoheader'
AUTOMAKE='${SHELL} /cygdrive/c/Users/Mike/Downloads/crackpkcs12-0.2.11/pkg-config-0.29/glib/missing automake-1.15'
AWK='gawk'
CC='gcc'
CCDEPMODE='depmode=none'
CFLAGS='-g -O2'
CPP='gcc -E'
CPPFLAGS=''
CXX=''
CXXCPP=''
CXXDEPMODE='depmode=none'
CXXFLAGS=''
CYGPATH_W='cygpath -w'
DEFS=''
DEPDIR='.deps'
DLLTOOL=''
DSYMUTIL=''
DUMPBIN=''
ECHO_C=''
ECHO_N='-n'
ECHO_T=''
EGREP='/usr/bin/grep -E'
ENABLE_ALWAYS_BUILD_TESTS_FALSE=''
ENABLE_ALWAYS_BUILD_TESTS_TRUE='#'
ENABLE_INSTALLED_TESTS_FALSE=''
ENABLE_INSTALLED_TESTS_TRUE='#'
ENABLE_TIMELOOP_FALSE=''
ENABLE_TIMELOOP_TRUE=''
EXEEXT='.exe'
FGREP=''
GETTEXT_PACKAGE=''
GIO=''
GIO_MODULE_DIR=''
GLIBC21=''
GLIB_BINARY_AGE='3802'
GLIB_DEBUG_FLAGS='-DG_DISABLE_CAST_CHECKS'
GLIB_EXTRA_CFLAGS=''
GLIB_HIDDEN_VISIBILITY_CFLAGS=''
GLIB_INTERFACE_AGE='2'
GLIB_LINK_FLAGS=''
GLIB_MAJOR_VERSION='2'
GLIB_MICRO_VERSION='2'
GLIB_MINOR_VERSION='38'
GLIB_RUNTIME_LIBDIR=''
GLIB_VERSION='2.38.2'
GLIB_WARN_CFLAGS=''
GLIB_WIN32_STATIC_COMPILATION_DEFINE=''
GREP='/usr/bin/grep'
GSPAWN=''
GTHREAD_COMPILE_IMPL_DEFINES=''
G_LIBS_EXTRA=''
G_MODULE_BROKEN_RTLD_GLOBAL=''
G_MODULE_HAVE_DLERROR=''
G_MODULE_IMPL=''
G_MODULE_LDFLAGS=''
G_MODULE_LIBS=''
G_MODULE_LIBS_EXTRA=''
G_MODULE_NEED_USCORE=''
G_MODULE_PLUGIN_LIBS=''
G_MODULE_SUPPORTED=''
G_THREAD_CFLAGS=''
G_THREAD_LIBS=''
G_THREAD_LIBS_EXTRA=''
G_THREAD_LIBS_FOR_GTHREAD=''
HAVE_CXX_FALSE=''
HAVE_CXX_TRUE='#'
HAVE_EVENTFD_FALSE=''
HAVE_EVENTFD_TRUE=''
HAVE_FEN_FALSE=''
HAVE_FEN_TRUE=''
HAVE_GCC_FALSE='#'
HAVE_GCC_TRUE=''
HAVE_GLIB_RUNTIME_LIBDIR_FALSE=''
HAVE_GLIB_RUNTIME_LIBDIR_TRUE='#'
HAVE_GNUC_VISIBILITY_FALSE=''
HAVE_GNUC_VISIBILITY_TRUE=''
HAVE_GOOD_PRINTF_FALSE=''
HAVE_GOOD_PRINTF_TRUE=''
HAVE_INOTIFY_FALSE=''
HAVE_INOTIFY_TRUE=''
HAVE_KQUEUE_FALSE=''
HAVE_KQUEUE_TRUE=''
HAVE_NETLINK_FALSE=''
HAVE_NETLINK_TRUE=''
HAVE_SUNSTUDIO_VISIBILITY_FALSE=''
HAVE_SUNSTUDIO_VISIBILITY_TRUE=''
ICONV_LIBS=''
INDENT=''
INSTALL_DATA='${INSTALL} -m 644'
INSTALL_PROGRAM='${INSTALL}'
INSTALL_SCRIPT='${INSTALL}'
INSTALL_STRIP_PROGRAM='$(install_sh) -c -s'
LD=''
LDFLAGS=''
LIBOBJS=''
LIBS=''
LIBTOOL=''
LIB_EXE_MACHINE_FLAG='X86'
LIPO=''
LN_S=''
LTLIBOBJS=''
LTP=''
LTP_GENHTML=''
LT_AGE='3800'
LT_CURRENT='3800'
LT_CURRENT_MINUS_AGE='0'
LT_RELEASE='2.38'
LT_REVISION='2'
MAINT=''
MAINTAINER_MODE_FALSE='#'
MAINTAINER_MODE_TRUE=''
MAKEINFO='${SHELL} /cygdrive/c/Users/Mike/Downloads/crackpkcs12-0.2.11/pkg-config-0.29/glib/missing makeinfo'
MANIFEST_TOOL=''
MKDIR_P='/usr/bin/mkdir -p'
MS_LIB_AVAILABLE_FALSE=''
MS_LIB_AVAILABLE_TRUE='#'
NAMESER_COMPAT_INCLUDE=''
NETWORK_LIBS=''
NM=''
NMEDIT=''
OBJDUMP=''
OBJEXT='o'
OS_CARBON_FALSE=''
OS_CARBON_TRUE='#'
OS_COCOA_FALSE=''
OS_COCOA_TRUE='#'
OS_LINUX_FALSE=''
OS_LINUX_TRUE='#'
OS_UNIX_FALSE='#'
OS_UNIX_TRUE=''
OS_WIN32_AND_DLL_COMPILATION_FALSE=''
OS_WIN32_AND_DLL_COMPILATION_TRUE=''
OS_WIN32_FALSE=''
OS_WIN32_TRUE='#'
OS_WIN32_X64_FALSE=''
OS_WIN32_X64_TRUE='#'
OTOOL64=''
OTOOL=''
PACKAGE='glib'
PACKAGE_BUGREPORT='http://bugzilla.gnome.org/enter_bug.cgi?product=glib'
PACKAGE_NAME='glib'
PACKAGE_STRING='glib 2.38.2'
PACKAGE_TARNAME='glib'
PACKAGE_URL=''
PACKAGE_VERSION='2.38.2'
PATH_SEPARATOR=':'
PERL='perl'
PERL_PATH='/cygdrive/c/Program Files/Git/usr/bin/perl'
PLATFORMDEP=''
PLATFORM_WIN32_FALSE=''
PLATFORM_WIN32_TRUE=''
PYTHON='/usr/bin/env python2.5'
PYTHON_EXEC_PREFIX=''
PYTHON_PLATFORM=''
PYTHON_PREFIX=''
PYTHON_VERSION=''
RANLIB=''
REBUILD=''
SED=''
SET_MAKE='MAKE=make'
SHELL='/bin/sh'
SHTOOL=''
STRIP=''
THREADS_NONE_FALSE=''
THREADS_NONE_TRUE=''
THREADS_POSIX_FALSE=''
THREADS_POSIX_TRUE=''
THREADS_WIN32_FALSE=''
THREADS_WIN32_TRUE=''
VERSION='2.38.2'
WINDRES=''
WSPIAPI_INCLUDE=''
ac_ct_AR=''
ac_ct_CC='gcc'
ac_ct_CXX='gcc'
ac_ct_DUMPBIN=''
am__EXEEXT_FALSE=''
am__EXEEXT_TRUE=''
am__fastdepCC_FALSE=''
am__fastdepCC_TRUE='#'
am__fastdepCXX_FALSE=''
am__fastdepCXX_TRUE='#'
am__include='#'
am__isrc=''
am__leading_dot='.'
am__nodep='_no'
am__quote=''
am__tar='tar --format=ustar -chf - "$$tardir"'
am__untar='tar -xf -'
bindir='${exec_prefix}/bin'
build='x86_64-unknown-cygwin'
build_alias=''
build_cpu='x86_64'
build_os='cygwin'
build_vendor='unknown'
config_h_INCLUDES=''
datadir='${datarootdir}'
datarootdir='${prefix}/share'
docdir='${datarootdir}/doc/${PACKAGE_TARNAME}'
dvidir='${docdir}'
exec_prefix='NONE'
gio_INCLUDES=''
glib_INCLUDES=''
gmodule_INCLUDES=''
gobject_INCLUDES=''
host='x86_64-unknown-cygwin'
host_alias=''
host_cpu='x86_64'
host_os='cygwin'
host_vendor='unknown'
htmldir='${docdir}'
includedir='${prefix}/include'
infodir='${datarootdir}/info'
install_sh='${SHELL} /cygdrive/c/Users/Mike/Downloads/crackpkcs12-0.2.11/pkg-config-0.29/glib/install-sh'
installed_test_metadir=''
installed_testdir=''
libdir='${exec_prefix}/lib'
libexecdir='${exec_prefix}/libexec'
localedir='${datarootdir}/locale'
localstatedir='${prefix}/var'
mandir='${datarootdir}/man'
mkdir_p='$(MKDIR_P)'
ms_librarian=''
oldincludedir='/usr/include'
pdfdir='${docdir}'
pkgpyexecdir=''
pkgpythondir=''
prefix='/usr/local'
program_transform_name='s,x,x,'
psdir='${docdir}'
pyexecdir=''
pythondir=''
sbindir='${exec_prefix}/sbin'
sharedstatedir='${prefix}/com'
sysconfdir='${prefix}/etc'
target_alias=''

## ----------- ##
## confdefs.h. ##
## ----------- ##

/* confdefs.h */
#define PACKAGE_NAME "glib"
#define PACKAGE_TARNAME "glib"
#define PACKAGE_VERSION "2.38.2"
#define PACKAGE_STRING "glib 2.38.2"
#define PACKAGE_BUGREPORT "http://bugzilla.gnome.org/enter_bug.cgi?product=glib"
#define PACKAGE_URL ""
#define GLIB_MAJOR_VERSION 2
#define GLIB_MINOR_VERSION 38
#define GLIB_MICRO_VERSION 2
#define GLIB_INTERFACE_AGE 2
#define GLIB_BINARY_AGE 3802
#define STDC_HEADERS 1
#define HAVE_SYS_TYPES_H 1
#define HAVE_SYS_STAT_H 1
#define HAVE_STDLIB_H 1
#define HAVE_STRING_H 1
#define HAVE_MEMORY_H 1
#define HAVE_STRINGS_H 1
#define HAVE_INTTYPES_H 1
#define HAVE_STDINT_H 1
#define HAVE_UNISTD_H 1
#define __EXTENSIONS__ 1
#define _ALL_SOURCE 1
#define _GNU_SOURCE 1
#define _POSIX_PTHREAD_SEMANTICS 1
#define _TANDEM_SOURCE 1

configure: exit 1
